<?xml version="1.0" encoding="UTF-8" standalone="no"?>
<!DOCTYPE log SYSTEM "logger.dtd">
<log>
<record>
  <date>2019-05-15T10:19:14</date>
  <millis>1557933554365</millis>
  <sequence>0</sequence>
  <level>START</level>
  <class>com.kms.katalon.core.logging.XmlKeywordLogger</class>
  <method>startSuite</method>
  <thread>1</thread>
  <message>Start Test Suite : Test Suites/Client Person/Services/Client/Services Create Client required fields</message>
  <nestedLevel>0</nestedLevel>
  <property name="name">Services Create Client required fields</property>
  <property name="description">This is the test suite that houses all of the create client test cases.</property>
  <property name="id">Test Suites/Client Person/Services/Client/Services Create Client required fields</property>
</record>
<record>
  <date>2019-05-15T10:19:14</date>
  <millis>1557933554379</millis>
  <sequence>1</sequence>
  <level>RUN_DATA</level>
  <class>com.kms.katalon.core.logging.XmlKeywordLogger</class>
  <method>logMessage</method>
  <thread>1</thread>
  <message>hostName = anthonyanderson - 10.0.0.190</message>
  <nestedLevel>0</nestedLevel>
  <property name="hostName">anthonyanderson - 10.0.0.190</property>
</record>
<record>
  <date>2019-05-15T10:19:14</date>
  <millis>1557933554380</millis>
  <sequence>2</sequence>
  <level>RUN_DATA</level>
  <class>com.kms.katalon.core.logging.XmlKeywordLogger</class>
  <method>logMessage</method>
  <thread>1</thread>
  <message>os = Mac OS X 64bit</message>
  <nestedLevel>0</nestedLevel>
  <property name="os">Mac OS X 64bit</property>
</record>
<record>
  <date>2019-05-15T10:19:14</date>
  <millis>1557933554381</millis>
  <sequence>3</sequence>
  <level>RUN_DATA</level>
  <class>com.kms.katalon.core.logging.XmlKeywordLogger</class>
  <method>logMessage</method>
  <thread>1</thread>
  <message>hostAddress = 10.0.0.190</message>
  <nestedLevel>0</nestedLevel>
  <property name="hostAddress">10.0.0.190</property>
</record>
<record>
  <date>2019-05-15T10:19:14</date>
  <millis>1557933554384</millis>
  <sequence>4</sequence>
  <level>RUN_DATA</level>
  <class>com.kms.katalon.core.logging.XmlKeywordLogger</class>
  <method>logMessage</method>
  <thread>1</thread>
  <message>katalonVersion = 6.1.0.1</message>
  <nestedLevel>0</nestedLevel>
  <property name="katalonVersion">6.1.0.1</property>
</record>
<record>
  <date>2019-05-15T10:19:14</date>
  <millis>1557933554583</millis>
  <sequence>5</sequence>
  <level>START</level>
  <class>com.kms.katalon.core.logging.XmlKeywordLogger</class>
  <method>startTest</method>
  <thread>1</thread>
  <message>Start Test Case : Test Cases/Client Person/Services/Client/Services Create Client required fields</message>
  <nestedLevel>1</nestedLevel>
  <property name="name">Test Cases/Client Person/Services/Client/Services Create Client required fields</property>
  <property name="description">This test case verifies that a client can be create, that a 201 is returned, and that a few fields get created.</property>
  <property name="id">Test Cases/Client Person/Services/Client/Services Create Client required fields</property>
  <property name="source">\\Users\\anthonyanderson\\Ben-Admin\\Ben-Admin\\Test Cases\\Client Person\\Services\\Client\\Services Create Client required fields.tc</property>
  <property name="isOptional">false</property>
</record>
<record>
  <date>2019-05-15T10:19:14</date>
  <millis>1557933554621</millis>
  <sequence>7</sequence>
  <level>INFO</level>
  <class>com.kms.katalon.core.logging.XmlKeywordLogger</class>
  <method>logMessage</method>
  <thread>1</thread>
  <message>parentClientUUID = ec7052a6-7b02-4110-b0f9-288284956dc2</message>
  <nestedLevel>1</nestedLevel>
</record>
<record>
  <date>2019-05-15T10:19:14</date>
  <millis>1557933554621</millis>
  <sequence>8</sequence>
  <level>INFO</level>
  <class>com.kms.katalon.core.logging.XmlKeywordLogger</class>
  <method>logMessage</method>
  <thread>1</thread>
  <message>legalClientName = Jimmy</message>
  <nestedLevel>1</nestedLevel>
</record>
<record>
  <date>2019-05-15T10:19:14</date>
  <millis>1557933554622</millis>
  <sequence>9</sequence>
  <level>INFO</level>
  <class>com.kms.katalon.core.logging.XmlKeywordLogger</class>
  <method>logMessage</method>
  <thread>1</thread>
  <message>clientName = Sanders</message>
  <nestedLevel>1</nestedLevel>
</record>
<record>
  <date>2019-05-15T10:19:14</date>
  <millis>1557933554622</millis>
  <sequence>10</sequence>
  <level>INFO</level>
  <class>com.kms.katalon.core.logging.XmlKeywordLogger</class>
  <method>logMessage</method>
  <thread>1</thread>
  <message>sicCode = 1234</message>
  <nestedLevel>1</nestedLevel>
</record>
<record>
  <date>2019-05-15T10:19:14</date>
  <millis>1557933554623</millis>
  <sequence>11</sequence>
  <level>INFO</level>
  <class>com.kms.katalon.core.logging.XmlKeywordLogger</class>
  <method>logMessage</method>
  <thread>1</thread>
  <message>clientEffectiveDate = 2019-01-01</message>
  <nestedLevel>1</nestedLevel>
</record>
<record>
  <date>2019-05-15T10:19:14</date>
  <millis>1557933554623</millis>
  <sequence>12</sequence>
  <level>INFO</level>
  <class>com.kms.katalon.core.logging.XmlKeywordLogger</class>
  <method>logMessage</method>
  <thread>1</thread>
  <message>clientTerminationDate = 2020-12-31</message>
  <nestedLevel>1</nestedLevel>
</record>
<record>
  <date>2019-05-15T10:19:14</date>
  <millis>1557933554623</millis>
  <sequence>13</sequence>
  <level>INFO</level>
  <class>com.kms.katalon.core.logging.XmlKeywordLogger</class>
  <method>logMessage</method>
  <thread>1</thread>
  <message>streetAddressUUID = 11d231c2-5f06-4387-ab4d-09d5ffbfe23c</message>
  <nestedLevel>1</nestedLevel>
</record>
<record>
  <date>2019-05-15T10:19:14</date>
  <millis>1557933554624</millis>
  <sequence>14</sequence>
  <level>INFO</level>
  <class>com.kms.katalon.core.logging.XmlKeywordLogger</class>
  <method>logMessage</method>
  <thread>1</thread>
  <message>billingAddressUUID = 11d231c2-5f06-4387-ab4d-09d5ffbfe23c</message>
  <nestedLevel>1</nestedLevel>
</record>
<record>
  <date>2019-05-15T10:19:14</date>
  <millis>1557933554624</millis>
  <sequence>15</sequence>
  <level>INFO</level>
  <class>com.kms.katalon.core.logging.XmlKeywordLogger</class>
  <method>logMessage</method>
  <thread>1</thread>
  <message>subDomain = sub</message>
  <nestedLevel>1</nestedLevel>
</record>
<record>
  <date>2019-05-15T10:19:14</date>
  <millis>1557933554624</millis>
  <sequence>16</sequence>
  <level>INFO</level>
  <class>com.kms.katalon.core.logging.XmlKeywordLogger</class>
  <method>logMessage</method>
  <thread>1</thread>
  <message>memberUniqueIdentifier = member_uuid</message>
  <nestedLevel>1</nestedLevel>
</record>
<record>
  <date>2019-05-15T10:19:14</date>
  <millis>1557933554625</millis>
  <sequence>17</sequence>
  <level>INFO</level>
  <class>com.kms.katalon.core.logging.XmlKeywordLogger</class>
  <method>logMessage</method>
  <thread>1</thread>
  <message>memberEmailCommunication = true</message>
  <nestedLevel>1</nestedLevel>
</record>
<record>
  <date>2019-05-15T10:19:14</date>
  <millis>1557933554625</millis>
  <sequence>18</sequence>
  <level>INFO</level>
  <class>com.kms.katalon.core.logging.XmlKeywordLogger</class>
  <method>logMessage</method>
  <thread>1</thread>
  <message>inviteKey = 123</message>
  <nestedLevel>1</nestedLevel>
</record>
<record>
  <date>2019-05-15T10:19:14</date>
  <millis>1557933554625</millis>
  <sequence>19</sequence>
  <level>INFO</level>
  <class>com.kms.katalon.core.logging.XmlKeywordLogger</class>
  <method>logMessage</method>
  <thread>1</thread>
  <message>billingContactEmail = anthonytest@test.com</message>
  <nestedLevel>1</nestedLevel>
</record>
<record>
  <date>2019-05-15T10:19:14</date>
  <millis>1557933554626</millis>
  <sequence>20</sequence>
  <level>INFO</level>
  <class>com.kms.katalon.core.logging.XmlKeywordLogger</class>
  <method>logMessage</method>
  <thread>1</thread>
  <message>configurationDemo = false</message>
  <nestedLevel>1</nestedLevel>
</record>
<record>
  <date>2019-05-15T10:19:14</date>
  <millis>1557933554626</millis>
  <sequence>21</sequence>
  <level>INFO</level>
  <class>com.kms.katalon.core.logging.XmlKeywordLogger</class>
  <method>logMessage</method>
  <thread>1</thread>
  <message>configurationInActive = false</message>
  <nestedLevel>1</nestedLevel>
</record>
<record>
  <date>2019-05-15T10:19:14</date>
  <millis>1557933554626</millis>
  <sequence>22</sequence>
  <level>INFO</level>
  <class>com.kms.katalon.core.logging.XmlKeywordLogger</class>
  <method>logMessage</method>
  <thread>1</thread>
  <message>configurationTemplate = false</message>
  <nestedLevel>1</nestedLevel>
</record>
<record>
  <date>2019-05-15T10:19:14</date>
  <millis>1557933554627</millis>
  <sequence>23</sequence>
  <level>INFO</level>
  <class>com.kms.katalon.core.logging.XmlKeywordLogger</class>
  <method>logMessage</method>
  <thread>1</thread>
  <message>primaryContactName = Test</message>
  <nestedLevel>1</nestedLevel>
</record>
<record>
  <date>2019-05-15T10:19:14</date>
  <millis>1557933554627</millis>
  <sequence>24</sequence>
  <level>INFO</level>
  <class>com.kms.katalon.core.logging.XmlKeywordLogger</class>
  <method>logMessage</method>
  <thread>1</thread>
  <message>primaryContactPhone = 3125551212</message>
  <nestedLevel>1</nestedLevel>
</record>
<record>
  <date>2019-05-15T10:19:14</date>
  <millis>1557933554627</millis>
  <sequence>25</sequence>
  <level>INFO</level>
  <class>com.kms.katalon.core.logging.XmlKeywordLogger</class>
  <method>logMessage</method>
  <thread>1</thread>
  <message>primaryContactEmail = anthonytest@test.com</message>
  <nestedLevel>1</nestedLevel>
</record>
<record>
  <date>2019-05-15T10:19:14</date>
  <millis>1557933554628</millis>
  <sequence>26</sequence>
  <level>INFO</level>
  <class>com.kms.katalon.core.logging.XmlKeywordLogger</class>
  <method>logMessage</method>
  <thread>1</thread>
  <message>billingContactName = Test</message>
  <nestedLevel>1</nestedLevel>
</record>
<record>
  <date>2019-05-15T10:19:14</date>
  <millis>1557933554628</millis>
  <sequence>27</sequence>
  <level>INFO</level>
  <class>com.kms.katalon.core.logging.XmlKeywordLogger</class>
  <method>logMessage</method>
  <thread>1</thread>
  <message>billingContactPhone = 3125551212</message>
  <nestedLevel>1</nestedLevel>
</record>
<record>
  <date>2019-05-15T10:19:14</date>
  <millis>1557933554628</millis>
  <sequence>28</sequence>
  <level>INFO</level>
  <class>com.kms.katalon.core.logging.XmlKeywordLogger</class>
  <method>logMessage</method>
  <thread>1</thread>
  <message>clientUUID = </message>
  <nestedLevel>1</nestedLevel>
</record>
<record>
  <date>2019-05-15T10:19:14</date>
  <millis>1557933554893</millis>
  <sequence>29</sequence>
  <level>START</level>
  <class>com.kms.katalon.core.logging.XmlKeywordLogger</class>
  <method>startKeyword</method>
  <thread>1</thread>
  <message>Start action : response = sendRequest(findTestObject(\&amp;quot;Client Person/Services/Client/V1/CLIENT\&amp;quot;, [\&amp;quot;legalClientName\&amp;quot;:legalClientName, \&amp;quot;clientName\&amp;quot;:clientName, \&amp;quot;primaryContactEmail\&amp;quot;:\&amp;quot;hsanderstest@test.com\&amp;quot;, \&amp;quot;parentClientUUID\&amp;quot;:parentClientUUID, ... ]))</message>
  <nestedLevel>1</nestedLevel>
  <property name="startLine">28</property>
  <property name="stepIndex">1</property>
</record>
<record>
  <date>2019-05-15T10:19:27</date>
  <millis>1557933567126</millis>
  <sequence>33</sequence>
  <level>INFO</level>
  <class>com.kms.katalon.core.logging.XmlKeywordLogger</class>
  <method>logMessage</method>
  <thread>1</thread>
  <message>HAR: /Users/anthonyanderson/Ben-Admin/Ben-Admin/Reports/Client Person/Services/Client/Services Create Client required fields/20190515_101902/requests/main/0.har</message>
  <nestedLevel>1</nestedLevel>
  <property name="harId">83148830-5bbe-41a8-9641-babc88c5a9f6</property>
</record>
<record>
  <date>2019-05-15T10:19:27</date>
  <millis>1557933567201</millis>
  <sequence>34</sequence>
  <level>PASSED</level>
  <class>com.kms.katalon.core.logging.XmlKeywordLogger</class>
  <method>logMessage</method>
  <thread>1</thread>
  <message>Send request successfully</message>
  <nestedLevel>1</nestedLevel>
</record>
<record>
  <date>2019-05-15T10:19:27</date>
  <millis>1557933567202</millis>
  <sequence>35</sequence>
  <level>END</level>
  <class>com.kms.katalon.core.logging.XmlKeywordLogger</class>
  <method>endKeyword</method>
  <thread>1</thread>
  <message>End action : response = sendRequest(findTestObject(\&amp;quot;Client Person/Services/Client/V1/CLIENT\&amp;quot;, [\&amp;quot;legalClientName\&amp;quot;:legalClientName, \&amp;quot;clientName\&amp;quot;:clientName, \&amp;quot;primaryContactEmail\&amp;quot;:\&amp;quot;hsanderstest@test.com\&amp;quot;, \&amp;quot;parentClientUUID\&amp;quot;:parentClientUUID, ... ]))</message>
  <nestedLevel>1</nestedLevel>
</record>
<record>
  <date>2019-05-15T10:19:27</date>
  <millis>1557933567203</millis>
  <sequence>36</sequence>
  <level>START</level>
  <class>com.kms.katalon.core.logging.XmlKeywordLogger</class>
  <method>startKeyword</method>
  <thread>1</thread>
  <message>Start action : verifyResponseStatusCode(response, 201)</message>
  <nestedLevel>1</nestedLevel>
  <property name="startLine">36</property>
  <property name="stepIndex">2</property>
</record>
<record>
  <date>2019-05-15T10:19:27</date>
  <millis>1557933567209</millis>
  <sequence>38</sequence>
  <level>PASSED</level>
  <class>com.kms.katalon.core.logging.XmlKeywordLogger</class>
  <method>logMessage</method>
  <thread>1</thread>
  <message>Verify response status code successfully</message>
  <nestedLevel>1</nestedLevel>
</record>
<record>
  <date>2019-05-15T10:19:27</date>
  <millis>1557933567210</millis>
  <sequence>39</sequence>
  <level>END</level>
  <class>com.kms.katalon.core.logging.XmlKeywordLogger</class>
  <method>endKeyword</method>
  <thread>1</thread>
  <message>End action : verifyResponseStatusCode(response, 201)</message>
  <nestedLevel>1</nestedLevel>
</record>
<record>
  <date>2019-05-15T10:19:27</date>
  <millis>1557933567210</millis>
  <sequence>40</sequence>
  <level>PASSED</level>
  <class>com.kms.katalon.core.logging.XmlKeywordLogger</class>
  <method>logMessage</method>
  <thread>1</thread>
  <message>Test Cases/Client Person/Services/Client/Services Create Client required fields</message>
  <nestedLevel>1</nestedLevel>
</record>
<record>
  <date>2019-05-15T10:19:27</date>
  <millis>1557933567210</millis>
  <sequence>41</sequence>
  <level>END</level>
  <class>com.kms.katalon.core.logging.XmlKeywordLogger</class>
  <method>endTest</method>
  <thread>1</thread>
  <message>End Test Case : Test Cases/Client Person/Services/Client/Services Create Client required fields</message>
  <nestedLevel>0</nestedLevel>
</record>
<record>
  <date>2019-05-15T10:19:27</date>
  <millis>1557933567241</millis>
  <sequence>42</sequence>
  <level>END</level>
  <class>com.kms.katalon.core.logging.XmlKeywordLogger</class>
  <method>endSuite</method>
  <thread>1</thread>
  <message>End Test Suite : Test Suites/Client Person/Services/Client/Services Create Client required fields</message>
  <nestedLevel>0</nestedLevel>
</record>
</log>
